-------------------------------------------------------------------------------
Test set: com.example.javaweb.JavaWebApplicationTests
-------------------------------------------------------------------------------
Tests run: 1, Failures: 0, Errors: 1, Skipped: 0, Time elapsed: 0.612 s <<< FAILURE! - in com.example.javaweb.JavaWebApplicationTests
com.example.javaweb.JavaWebApplicationTests  Time elapsed: 0.61 s  <<< ERROR!
java.lang.IllegalStateException: Unable to find a @SpringBootConfiguration, you need to use @ContextConfiguration or @SpringBootTest(classes=...) with your test

