<?xml version="1.0" encoding="UTF-8"?>
<testsuite xmlns:xsi="http://www.w3.org/2001/XMLSchema-instance" xsi:noNamespaceSchemaLocation="https://maven.apache.org/surefire/maven-surefire-plugin/xsd/surefire-test-report.xsd" name="com.example.javaweb.JavaWebApplicationTests" time="0.612" tests="1" errors="1" skipped="0" failures="0">
  <properties>
[...]
</properties>
  <testcase name="com.example.javaweb.JavaWebApplicationTests" classname="com.example.javaweb.JavaWebApplicationTests" time="0.61">
    <error message="Unable to find a @SpringBootConfiguration, you need to use @ContextConfiguration or @SpringBootTest(classes=...) with your test" type="java.lang.IllegalStateException">java.lang.IllegalStateException: Unable to find a @SpringBootConfiguration, you need to use @ContextConfiguration or @SpringBootTest(classes=...) with your test
</error>
    <system-out><![CDATA[12:54:16.728 [main] DEBUG org.springframework.test.context.BootstrapUtils - Instantiating CacheAwareContextLoaderDelegate from class [org.springframework.test.context.cache.DefaultCacheAwareContextLoaderDelegate]
12:54:16.767 [main] DEBUG org.springframework.test.context.BootstrapUtils - Instantiating BootstrapContext using constructor [public org.springframework.test.context.support.DefaultBootstrapContext(java.lang.Class,org.springframework.test.context.CacheAwareContextLoaderDelegate)]
12:54:16.845 [main] DEBUG org.springframework.test.context.BootstrapUtils - Instantiating TestContextBootstrapper for test class [com.example.javaweb.JavaWebApplicationTests] from class [org.springframework.boot.test.context.SpringBootTestContextBootstrapper]
12:54:16.869 [main] INFO org.springframework.boot.test.context.SpringBootTestContextBootstrapper - Neither @ContextConfiguration nor @ContextHierarchy found for test class [com.example.javaweb.JavaWebApplicationTests], using SpringBootContextLoader
12:54:16.876 [main] DEBUG org.springframework.test.context.support.AbstractContextLoader - Did not detect default resource location for test class [com.example.javaweb.JavaWebApplicationTests]: class path resource [com/example/javaweb/JavaWebApplicationTests-context.xml] does not exist
12:54:16.878 [main] DEBUG org.springframework.test.context.support.AbstractContextLoader - Did not detect default resource location for test class [com.example.javaweb.JavaWebApplicationTests]: class path resource [com/example/javaweb/JavaWebApplicationTestsContext.groovy] does not exist
12:54:16.879 [main] INFO org.springframework.test.context.support.AbstractContextLoader - Could not detect default resource locations for test class [com.example.javaweb.JavaWebApplicationTests]: no resource found for suffixes {-context.xml, Context.groovy}.
12:54:16.884 [main] INFO org.springframework.test.context.support.AnnotationConfigContextLoaderUtils - Could not detect default configuration classes for test class [com.example.javaweb.JavaWebApplicationTests]: JavaWebApplicationTests does not declare any static, non-private, non-final, nested classes annotated with @Configuration.
12:54:16.997 [main] DEBUG org.springframework.test.context.support.ActiveProfilesUtils - Could not find an 'annotation declaring class' for annotation type [org.springframework.test.context.ActiveProfiles] and class [com.example.javaweb.JavaWebApplicationTests]
12:54:17.132 [main] DEBUG org.springframework.context.annotation.ClassPathScanningCandidateComponentProvider - Ignored because not a concrete top-level class: file [C:\Users\七画一只妖\IdeaProjects\JavaWeb\target\classes\com\example\javaweb\JavaWebApplication.class]
]]></system-out>
  </testcase>
</testsuite>